Generated on 2023-11-17 11:49:28 by gEcon ver. 1.2.2 (2023-07-10)
http://gecon.r-forge.r-project.org/

Model name: cge_templ_1

Index sets (2):
    HH = { 'P', 'R' }
    SEC = { 'M', 'N' }

Block: <h::HH> HOUSEHOLD
 Definitions:
    u<h> = (SUM<s::SEC> alpha<h,s>^(sigma<h>^-1) * D<h,s>^(sigma<h>^-1 * (-1 + sigma<h>)))^(sigma<h> * (-1 + sigma<h>)^-1)
 Controls:
    <s::SEC> D<h,s>
 Objective:
    U<h> = (SUM<s::SEC> alpha<h,s>^(sigma<h>^-1) * D<h,s>^(sigma<h>^-1 * (-1 + sigma<h>)))^(sigma<h> * (-1 + sigma<h>)^-1)
 Constraints:
    L<h> + phi<h> * (SUM<s::SEC> pi<s>) + p_k * K<h> - SUM<s::SEC> p<s> * D<h,s> = 0    (lambda__HOUSEHOLD_1<h>)
 Identities:
    <hi::HH> par_k<hi> - K<hi> = 0
    <hi::HH> par_l<hi> - L<hi> = 0
 First order conditions:
    <s::SEC> -lambda__HOUSEHOLD_1<h> * p<s> + alpha<h,s>^(sigma<h>^-1) * D<h,s>^(-1 + sigma<h>^-1 * (-1 + sigma<h>)) * (SUM<s::SEC> alpha<h,s>^(sigma<h>^-1) * D<h,s>^(sigma<h>^-1 * (-1 + sigma<h>)))^(-1 + sigma<h> * (-1 + sigma<h>)^-1) = 0    (<s::SEC> D<h,s>)

Block: <s::SEC> FIRM
 Controls:
    Y<s>, K<s>, L<s>
 Objective:
    pi<s> = -L<s> - p_k * K<s> + p<s> * Y<s>
 Constraints:
    -Y<s> + phi<s> * (delta<s>^(sigma<s>^-1) * L<s>^(sigma<s>^-1 * (-1 + sigma<s>)) + K<s>^(sigma<s>^-1 * (-1 + sigma<s>)) * (1 - delta<s>)^(sigma<s>^-1))^(sigma<s> * (-1 + sigma<s>)^-1) = 0    (lambda__FIRM_1<s>)
 First order conditions:
    -lambda__FIRM_1<s> + p<s> = 0    (Y<s>)
    -p_k + phi<s> * lambda__FIRM_1<s> * K<s>^(-1 + sigma<s>^-1 * (-1 + sigma<s>)) * (1 - delta<s>)^(sigma<s>^-1) * (delta<s>^(sigma<s>^-1) * L<s>^(sigma<s>^-1 * (-1 + sigma<s>)) + K<s>^(sigma<s>^-1 * (-1 + sigma<s>)) * (1 - delta<s>)^(sigma<s>^-1))^(-1 + sigma<s> * (-1 + sigma<s>)^-1) = 0    (K<s>)
    -1 + phi<s> * lambda__FIRM_1<s> * delta<s>^(sigma<s>^-1) * L<s>^(-1 + sigma<s>^-1 * (-1 + sigma<s>)) * (delta<s>^(sigma<s>^-1) * L<s>^(sigma<s>^-1 * (-1 + sigma<s>)) + K<s>^(sigma<s>^-1 * (-1 + sigma<s>)) * (1 - delta<s>)^(sigma<s>^-1))^(-1 + sigma<s> * (-1 + sigma<s>)^-1) = 0    (L<s>)
 First order conditions after reduction:
    -p_k + phi<s> * p<s> * K<s>^(-1 + sigma<s>^-1 * (-1 + sigma<s>)) * (1 - delta<s>)^(sigma<s>^-1) * (delta<s>^(sigma<s>^-1) * L<s>^(sigma<s>^-1 * (-1 + sigma<s>)) + K<s>^(sigma<s>^-1 * (-1 + sigma<s>)) * (1 - delta<s>)^(sigma<s>^-1))^(-1 + sigma<s> * (-1 + sigma<s>)^-1) = 0    (K<s>)
    -1 + phi<s> * p<s> * delta<s>^(sigma<s>^-1) * L<s>^(-1 + sigma<s>^-1 * (-1 + sigma<s>)) * (delta<s>^(sigma<s>^-1) * L<s>^(sigma<s>^-1 * (-1 + sigma<s>)) + K<s>^(sigma<s>^-1 * (-1 + sigma<s>)) * (1 - delta<s>)^(sigma<s>^-1))^(-1 + sigma<s> * (-1 + sigma<s>)^-1) = 0    (L<s>)

Block: EQUILIBRIUM
 Identities:
    <s::SEC> -Y<s> + SUM<h::HH> D<h,s> = 0
    -SUM<h::HH> L<h> + SUM<s::SEC> L<s> = 0

Variables (23):
    p_k, lambda__HOUSEHOLD_1<'P'>, lambda__HOUSEHOLD_1<'R'>, p<'M'>, p<'N'>, pi<'M'>, pi<'N'>, D<'P','M'>, D<'P','N'>, D<'R','M'>, D<'R','N'>, K<'M'>, K<'N'>, K<'P'>, K<'R'>, L<'M'>, L<'N'>, L<'P'>, L<'R'>, U<'P'>, U<'R'>, Y<'M'>, Y<'N'>

Parameters (18):
    alpha<'P','M'>, alpha<'P','N'>, alpha<'R','M'>, alpha<'R','N'>, delta<'M'>, delta<'N'>, par_k<'P'>, par_k<'R'>, par_l<'P'>, par_l<'R'>, phi<'M'>, phi<'N'>, phi<'P'>, phi<'R'>, sigma<'M'>, sigma<'N'>, sigma<'P'>, sigma<'R'>

Free parameters (18):
    alpha<'P','M'>, alpha<'P','N'>, alpha<'R','M'>, alpha<'R','N'>, delta<'M'>, delta<'N'>, par_k<'P'>, par_k<'R'>, par_l<'P'>, par_l<'R'>, phi<'M'>, phi<'N'>, phi<'P'>, phi<'R'>, sigma<'M'>, sigma<'N'>, sigma<'P'>, sigma<'R'>

Equations (23):
 (1)  -1 + phi<'M'> * p<'M'> * delta<'M'>^(sigma<'M'>^-1) * L<'M'>^(-1 + sigma<'M'>^-1 * (-1 + sigma<'M'>)) * (delta<'M'>^(sigma<'M'>^-1) * L<'M'>^(sigma<'M'>^-1 * (-1 + sigma<'M'>)) + K<'M'>^(sigma<'M'>^-1 * (-1 + sigma<'M'>)) * (1 - delta<'M'>)^(sigma<'M'>^-1))^(-1 + sigma<'M'> * (-1 + sigma<'M'>)^-1) = 0
 (2)  -1 + phi<'N'> * p<'N'> * delta<'N'>^(sigma<'N'>^-1) * L<'N'>^(-1 + sigma<'N'>^-1 * (-1 + sigma<'N'>)) * (delta<'N'>^(sigma<'N'>^-1) * L<'N'>^(sigma<'N'>^-1 * (-1 + sigma<'N'>)) + K<'N'>^(sigma<'N'>^-1 * (-1 + sigma<'N'>)) * (1 - delta<'N'>)^(sigma<'N'>^-1))^(-1 + sigma<'N'> * (-1 + sigma<'N'>)^-1) = 0
 (3)  par_k<'P'> - K<'P'> = 0
 (4)  par_k<'R'> - K<'R'> = 0
 (5)  par_l<'P'> - L<'P'> = 0
 (6)  par_l<'R'> - L<'R'> = 0
 (7)  -p_k + phi<'M'> * p<'M'> * K<'M'>^(-1 + sigma<'M'>^-1 * (-1 + sigma<'M'>)) * (1 - delta<'M'>)^(sigma<'M'>^-1) * (delta<'M'>^(sigma<'M'>^-1) * L<'M'>^(sigma<'M'>^-1 * (-1 + sigma<'M'>)) + K<'M'>^(sigma<'M'>^-1 * (-1 + sigma<'M'>)) * (1 - delta<'M'>)^(sigma<'M'>^-1))^(-1 + sigma<'M'> * (-1 + sigma<'M'>)^-1) = 0
 (8)  -p_k + phi<'N'> * p<'N'> * K<'N'>^(-1 + sigma<'N'>^-1 * (-1 + sigma<'N'>)) * (1 - delta<'N'>)^(sigma<'N'>^-1) * (delta<'N'>^(sigma<'N'>^-1) * L<'N'>^(sigma<'N'>^-1 * (-1 + sigma<'N'>)) + K<'N'>^(sigma<'N'>^-1 * (-1 + sigma<'N'>)) * (1 - delta<'N'>)^(sigma<'N'>^-1))^(-1 + sigma<'N'> * (-1 + sigma<'N'>)^-1) = 0
 (9)  U<'P'> - (alpha<'P','M'>^(sigma<'P'>^-1) * D<'P','M'>^(sigma<'P'>^-1 * (-1 + sigma<'P'>)) + alpha<'P','N'>^(sigma<'P'>^-1) * D<'P','N'>^(sigma<'P'>^-1 * (-1 + sigma<'P'>)))^(sigma<'P'> * (-1 + sigma<'P'>)^-1) = 0
 (10)  U<'R'> - (alpha<'R','M'>^(sigma<'R'>^-1) * D<'R','M'>^(sigma<'R'>^-1 * (-1 + sigma<'R'>)) + alpha<'R','N'>^(sigma<'R'>^-1) * D<'R','N'>^(sigma<'R'>^-1 * (-1 + sigma<'R'>)))^(sigma<'R'> * (-1 + sigma<'R'>)^-1) = 0
 (11)  -Y<'M'> + phi<'M'> * (delta<'M'>^(sigma<'M'>^-1) * L<'M'>^(sigma<'M'>^-1 * (-1 + sigma<'M'>)) + K<'M'>^(sigma<'M'>^-1 * (-1 + sigma<'M'>)) * (1 - delta<'M'>)^(sigma<'M'>^-1))^(sigma<'M'> * (-1 + sigma<'M'>)^-1) = 0
 (12)  -Y<'N'> + phi<'N'> * (delta<'N'>^(sigma<'N'>^-1) * L<'N'>^(sigma<'N'>^-1 * (-1 + sigma<'N'>)) + K<'N'>^(sigma<'N'>^-1 * (-1 + sigma<'N'>)) * (1 - delta<'N'>)^(sigma<'N'>^-1))^(sigma<'N'> * (-1 + sigma<'N'>)^-1) = 0
 (13)  -lambda__HOUSEHOLD_1<'P'> * p<'M'> + alpha<'P','M'>^(sigma<'P'>^-1) * D<'P','M'>^(-1 + sigma<'P'>^-1 * (-1 + sigma<'P'>)) * (alpha<'P','M'>^(sigma<'P'>^-1) * D<'P','M'>^(sigma<'P'>^-1 * (-1 + sigma<'P'>)) + alpha<'P','N'>^(sigma<'P'>^-1) * D<'P','N'>^(sigma<'P'>^-1 * (-1 + sigma<'P'>)))^(-1 + sigma<'P'> * (-1 + sigma<'P'>)^-1) = 0
 (14)  -lambda__HOUSEHOLD_1<'P'> * p<'N'> + alpha<'P','N'>^(sigma<'P'>^-1) * D<'P','N'>^(-1 + sigma<'P'>^-1 * (-1 + sigma<'P'>)) * (alpha<'P','M'>^(sigma<'P'>^-1) * D<'P','M'>^(sigma<'P'>^-1 * (-1 + sigma<'P'>)) + alpha<'P','N'>^(sigma<'P'>^-1) * D<'P','N'>^(sigma<'P'>^-1 * (-1 + sigma<'P'>)))^(-1 + sigma<'P'> * (-1 + sigma<'P'>)^-1) = 0
 (15)  -lambda__HOUSEHOLD_1<'R'> * p<'M'> + alpha<'R','M'>^(sigma<'R'>^-1) * D<'R','M'>^(-1 + sigma<'R'>^-1 * (-1 + sigma<'R'>)) * (alpha<'R','M'>^(sigma<'R'>^-1) * D<'R','M'>^(sigma<'R'>^-1 * (-1 + sigma<'R'>)) + alpha<'R','N'>^(sigma<'R'>^-1) * D<'R','N'>^(sigma<'R'>^-1 * (-1 + sigma<'R'>)))^(-1 + sigma<'R'> * (-1 + sigma<'R'>)^-1) = 0
 (16)  -lambda__HOUSEHOLD_1<'R'> * p<'N'> + alpha<'R','N'>^(sigma<'R'>^-1) * D<'R','N'>^(-1 + sigma<'R'>^-1 * (-1 + sigma<'R'>)) * (alpha<'R','M'>^(sigma<'R'>^-1) * D<'R','M'>^(sigma<'R'>^-1 * (-1 + sigma<'R'>)) + alpha<'R','N'>^(sigma<'R'>^-1) * D<'R','N'>^(sigma<'R'>^-1 * (-1 + sigma<'R'>)))^(-1 + sigma<'R'> * (-1 + sigma<'R'>)^-1) = 0
 (17)  D<'P','M'> + D<'R','M'> - Y<'M'> = 0
 (18)  D<'P','N'> + D<'R','N'> - Y<'N'> = 0
 (19)  pi<'M'> + L<'M'> + p_k * K<'M'> - p<'M'> * Y<'M'> = 0
 (20)  pi<'N'> + L<'N'> + p_k * K<'N'> - p<'N'> * Y<'N'> = 0
 (21)  L<'M'> + L<'N'> - L<'P'> - L<'R'> = 0
 (22)  L<'P'> + phi<'P'> * (pi<'M'> + pi<'N'>) + p_k * K<'P'> - p<'M'> * D<'P','M'> - p<'N'> * D<'P','N'> = 0
 (23)  L<'R'> + phi<'R'> * (pi<'M'> + pi<'N'>) + p_k * K<'R'> - p<'M'> * D<'R','M'> - p<'N'> * D<'R','N'> = 0

